<?xml version="1.0" encoding="UTF-8"?>
<testng-results skipped="1" failed="1" ignored="0" total="5" passed="3">
  <reporter-output>
  </reporter-output>
  <suite name="Default suite" duration-ms="21114" started-at="2020-04-02T20:23:46 CDT" finished-at="2020-04-02T20:24:07 CDT">
    <groups>
    </groups>
    <test name="Default test" duration-ms="21114" started-at="2020-04-02T20:23:46 CDT" finished-at="2020-04-02T20:24:07 CDT">
      <class name="io.duotech.tests.LoginTest">
        <test-method status="PASS" signature="setUpSuite()[pri:0, instance:io.duotech.tests.LoginTest@4b9e255]" name="setUpSuite" is-config="true" duration-ms="169" started-at="2020-04-02T20:23:46 CDT" finished-at="2020-04-02T20:23:46 CDT">
          <reporter-output>
          </reporter-output>
        </test-method> <!-- setUpSuite -->
        <test-method status="PASS" signature="setUp()[pri:0, instance:io.duotech.tests.LoginTest@4b9e255]" name="setUp" is-config="true" duration-ms="3799" started-at="2020-04-02T20:23:46 CDT" finished-at="2020-04-02T20:23:50 CDT">
          <reporter-output>
          </reporter-output>
        </test-method> <!-- setUp -->
        <test-method status="FAIL" signature="loginFailingTest()[pri:0, instance:io.duotech.tests.LoginTest@4b9e255]" name="loginFailingTest" duration-ms="558" started-at="2020-04-02T20:23:50 CDT" finished-at="2020-04-02T20:23:50 CDT">
          <exception class="java.lang.AssertionError">
            <message>
              <![CDATA[expected [Web Orders] but found [Web Orders Login]]]>
            </message>
            <full-stacktrace>
              <![CDATA[java.lang.AssertionError: expected [Web Orders] but found [Web Orders Login]
at org.testng.Assert.fail(Assert.java:97)
at org.testng.Assert.assertEqualsImpl(Assert.java:136)
at org.testng.Assert.assertEquals(Assert.java:118)
at org.testng.Assert.assertEquals(Assert.java:575)
at org.testng.Assert.assertEquals(Assert.java:585)
at io.duotech.tests.LoginTest.loginFailingTest(LoginTest.java:73)
at sun.reflect.NativeMethodAccessorImpl.invoke0(Native Method)
at sun.reflect.NativeMethodAccessorImpl.invoke(Unknown Source)
at sun.reflect.DelegatingMethodAccessorImpl.invoke(Unknown Source)
at java.lang.reflect.Method.invoke(Unknown Source)
at org.testng.internal.MethodInvocationHelper.invokeMethod(MethodInvocationHelper.java:133)
at org.testng.internal.TestInvoker.invokeMethod(TestInvoker.java:584)
at org.testng.internal.TestInvoker.invokeTestMethod(TestInvoker.java:172)
at org.testng.internal.MethodRunner.runInSequence(MethodRunner.java:46)
at org.testng.internal.TestInvoker$MethodInvocationAgent.invoke(TestInvoker.java:804)
at org.testng.internal.TestInvoker.invokeTestMethods(TestInvoker.java:145)
at org.testng.internal.TestMethodWorker.invokeTestMethods(TestMethodWorker.java:146)
at org.testng.internal.TestMethodWorker.run(TestMethodWorker.java:128)
at java.util.ArrayList.forEach(Unknown Source)
at org.testng.TestRunner.privateRun(TestRunner.java:770)
at org.testng.TestRunner.run(TestRunner.java:591)
at org.testng.SuiteRunner.runTest(SuiteRunner.java:402)
at org.testng.SuiteRunner.runSequentially(SuiteRunner.java:396)
at org.testng.SuiteRunner.privateRun(SuiteRunner.java:355)
at org.testng.SuiteRunner.run(SuiteRunner.java:304)
at org.testng.SuiteRunnerWorker.runSuite(SuiteRunnerWorker.java:53)
at org.testng.SuiteRunnerWorker.run(SuiteRunnerWorker.java:96)
at org.testng.TestNG.runSuitesSequentially(TestNG.java:1180)
at org.testng.TestNG.runSuitesLocally(TestNG.java:1102)
at org.testng.TestNG.runSuites(TestNG.java:1032)
at org.testng.TestNG.run(TestNG.java:1000)
at org.testng.remote.AbstractRemoteTestNG.run(AbstractRemoteTestNG.java:115)
at org.testng.remote.RemoteTestNG.initAndRun(RemoteTestNG.java:251)
at org.testng.remote.RemoteTestNG.main(RemoteTestNG.java:77)
]]>
            </full-stacktrace>
          </exception> <!-- java.lang.AssertionError -->
          <reporter-output>
          </reporter-output>
        </test-method> <!-- loginFailingTest -->
        <test-method status="PASS" signature="tearDown(org.testng.ITestResult)[pri:0, instance:io.duotech.tests.LoginTest@4b9e255]" name="tearDown" is-config="true" duration-ms="1997" started-at="2020-04-02T20:23:50 CDT" finished-at="2020-04-02T20:23:52 CDT">
          <params>
            <param index="0">
              <value>
                <![CDATA[[TestResult name=loginFailingTest status=FAILURE method=LoginTest.loginFailingTest()[pri:0, instance:io.duotech.tests.LoginTest@4b9e255] output={null}]]]>
              </value>
            </param>
          </params>
          <reporter-output>
          </reporter-output>
        </test-method> <!-- tearDown -->
        <test-method status="PASS" signature="setUp()[pri:0, instance:io.duotech.tests.LoginTest@4b9e255]" name="setUp" is-config="true" duration-ms="2394" started-at="2020-04-02T20:23:52 CDT" finished-at="2020-04-02T20:23:55 CDT">
          <reporter-output>
          </reporter-output>
        </test-method> <!-- setUp -->
        <test-method status="PASS" signature="loginPOMForGit()[pri:0, instance:io.duotech.tests.LoginTest@4b9e255]" name="loginPOMForGit" duration-ms="685" started-at="2020-04-02T20:23:55 CDT" finished-at="2020-04-02T20:23:56 CDT">
          <reporter-output>
          </reporter-output>
        </test-method> <!-- loginPOMForGit -->
        <test-method status="PASS" signature="tearDown(org.testng.ITestResult)[pri:0, instance:io.duotech.tests.LoginTest@4b9e255]" name="tearDown" is-config="true" duration-ms="679" started-at="2020-04-02T20:23:56 CDT" finished-at="2020-04-02T20:23:56 CDT">
          <params>
            <param index="0">
              <value>
                <![CDATA[[TestResult name=loginPOMForGit status=SUCCESS method=LoginTest.loginPOMForGit()[pri:0, instance:io.duotech.tests.LoginTest@4b9e255] output={null}]]]>
              </value>
            </param>
          </params>
          <reporter-output>
          </reporter-output>
        </test-method> <!-- tearDown -->
        <test-method status="PASS" signature="setUp()[pri:0, instance:io.duotech.tests.LoginTest@4b9e255]" name="setUp" is-config="true" duration-ms="2474" started-at="2020-04-02T20:23:56 CDT" finished-at="2020-04-02T20:23:59 CDT">
          <reporter-output>
          </reporter-output>
        </test-method> <!-- setUp -->
        <test-method status="PASS" signature="loginPOMPattern()[pri:0, instance:io.duotech.tests.LoginTest@4b9e255]" name="loginPOMPattern" duration-ms="680" started-at="2020-04-02T20:23:59 CDT" finished-at="2020-04-02T20:23:59 CDT">
          <reporter-output>
          </reporter-output>
        </test-method> <!-- loginPOMPattern -->
        <test-method status="PASS" signature="tearDown(org.testng.ITestResult)[pri:0, instance:io.duotech.tests.LoginTest@4b9e255]" name="tearDown" is-config="true" duration-ms="637" started-at="2020-04-02T20:23:59 CDT" finished-at="2020-04-02T20:24:00 CDT">
          <params>
            <param index="0">
              <value>
                <![CDATA[[TestResult name=loginPOMPattern status=SUCCESS method=LoginTest.loginPOMPattern()[pri:0, instance:io.duotech.tests.LoginTest@4b9e255] output={null}]]]>
              </value>
            </param>
          </params>
          <reporter-output>
          </reporter-output>
        </test-method> <!-- tearDown -->
        <test-method status="PASS" signature="setUp()[pri:0, instance:io.duotech.tests.LoginTest@4b9e255]" name="setUp" is-config="true" duration-ms="2397" started-at="2020-04-02T20:24:00 CDT" finished-at="2020-04-02T20:24:02 CDT">
          <reporter-output>
          </reporter-output>
        </test-method> <!-- setUp -->
        <test-method status="PASS" signature="loginPOMPatternNegative()[pri:0, instance:io.duotech.tests.LoginTest@4b9e255]" name="loginPOMPatternNegative" duration-ms="361" started-at="2020-04-02T20:24:02 CDT" finished-at="2020-04-02T20:24:03 CDT">
          <reporter-output>
          </reporter-output>
        </test-method> <!-- loginPOMPatternNegative -->
        <test-method status="PASS" signature="tearDown(org.testng.ITestResult)[pri:0, instance:io.duotech.tests.LoginTest@4b9e255]" name="tearDown" is-config="true" duration-ms="625" started-at="2020-04-02T20:24:03 CDT" finished-at="2020-04-02T20:24:03 CDT">
          <params>
            <param index="0">
              <value>
                <![CDATA[[TestResult name=loginPOMPatternNegative status=SUCCESS method=LoginTest.loginPOMPatternNegative()[pri:0, instance:io.duotech.tests.LoginTest@4b9e255] output={null}]]]>
              </value>
            </param>
          </params>
          <reporter-output>
          </reporter-output>
        </test-method> <!-- tearDown -->
        <test-method status="PASS" signature="setUp()[pri:0, instance:io.duotech.tests.LoginTest@4b9e255]" name="setUp" is-config="true" duration-ms="2419" started-at="2020-04-02T20:24:03 CDT" finished-at="2020-04-02T20:24:06 CDT">
          <reporter-output>
          </reporter-output>
        </test-method> <!-- setUp -->
        <test-method status="SKIP" signature="loginSkip()[pri:0, instance:io.duotech.tests.LoginTest@4b9e255]" name="loginSkip" duration-ms="649" started-at="2020-04-02T20:24:06 CDT" finished-at="2020-04-02T20:24:06 CDT">
          <exception class="org.testng.SkipException">
            <message>
              <![CDATA[Skipping this test because the rest of the test is not ready]]>
            </message>
            <full-stacktrace>
              <![CDATA[org.testng.SkipException: Skipping this test because the rest of the test is not ready
at io.duotech.tests.LoginTest.loginSkip(LoginTest.java:88)
at sun.reflect.NativeMethodAccessorImpl.invoke0(Native Method)
at sun.reflect.NativeMethodAccessorImpl.invoke(Unknown Source)
at sun.reflect.DelegatingMethodAccessorImpl.invoke(Unknown Source)
at java.lang.reflect.Method.invoke(Unknown Source)
at org.testng.internal.MethodInvocationHelper.invokeMethod(MethodInvocationHelper.java:133)
at org.testng.internal.TestInvoker.invokeMethod(TestInvoker.java:584)
at org.testng.internal.TestInvoker.invokeTestMethod(TestInvoker.java:172)
at org.testng.internal.MethodRunner.runInSequence(MethodRunner.java:46)
at org.testng.internal.TestInvoker$MethodInvocationAgent.invoke(TestInvoker.java:804)
at org.testng.internal.TestInvoker.invokeTestMethods(TestInvoker.java:145)
at org.testng.internal.TestMethodWorker.invokeTestMethods(TestMethodWorker.java:146)
at org.testng.internal.TestMethodWorker.run(TestMethodWorker.java:128)
at java.util.ArrayList.forEach(Unknown Source)
at org.testng.TestRunner.privateRun(TestRunner.java:770)
at org.testng.TestRunner.run(TestRunner.java:591)
at org.testng.SuiteRunner.runTest(SuiteRunner.java:402)
at org.testng.SuiteRunner.runSequentially(SuiteRunner.java:396)
at org.testng.SuiteRunner.privateRun(SuiteRunner.java:355)
at org.testng.SuiteRunner.run(SuiteRunner.java:304)
at org.testng.SuiteRunnerWorker.runSuite(SuiteRunnerWorker.java:53)
at org.testng.SuiteRunnerWorker.run(SuiteRunnerWorker.java:96)
at org.testng.TestNG.runSuitesSequentially(TestNG.java:1180)
at org.testng.TestNG.runSuitesLocally(TestNG.java:1102)
at org.testng.TestNG.runSuites(TestNG.java:1032)
at org.testng.TestNG.run(TestNG.java:1000)
at org.testng.remote.AbstractRemoteTestNG.run(AbstractRemoteTestNG.java:115)
at org.testng.remote.RemoteTestNG.initAndRun(RemoteTestNG.java:251)
at org.testng.remote.RemoteTestNG.main(RemoteTestNG.java:77)
]]>
            </full-stacktrace>
          </exception> <!-- org.testng.SkipException -->
          <reporter-output>
          </reporter-output>
        </test-method> <!-- loginSkip -->
        <test-method status="PASS" signature="tearDown(org.testng.ITestResult)[pri:0, instance:io.duotech.tests.LoginTest@4b9e255]" name="tearDown" is-config="true" duration-ms="713" started-at="2020-04-02T20:24:06 CDT" finished-at="2020-04-02T20:24:07 CDT">
          <params>
            <param index="0">
              <value>
                <![CDATA[[TestResult name=loginSkip status=SKIP method=LoginTest.loginSkip()[pri:0, instance:io.duotech.tests.LoginTest@4b9e255] output={null}]]]>
              </value>
            </param>
          </params>
          <reporter-output>
          </reporter-output>
        </test-method> <!-- tearDown -->
        <test-method status="PASS" signature="tearDownSuite()[pri:0, instance:io.duotech.tests.LoginTest@4b9e255]" name="tearDownSuite" is-config="true" duration-ms="358" started-at="2020-04-02T20:24:07 CDT" finished-at="2020-04-02T20:24:08 CDT">
          <reporter-output>
          </reporter-output>
        </test-method> <!-- tearDownSuite -->
      </class> <!-- io.duotech.tests.LoginTest -->
    </test> <!-- Default test -->
  </suite> <!-- Default suite -->
</testng-results>
